<?xml version="1.0" encoding="UTF-8"?>
<!-- Generated by org.testng.reporters.JUnitXMLReporter -->
<testsuite ignored="0" hostname="DESKTOP-THJQTHI" failures="1" tests="5" name="Test" time="57.691" errors="0" timestamp="2022-07-25T19:18:22 IST">
  <testcase classname="testng.TestCaseSoftTest" name="tc1" time="5.533"/>
  <testcase classname="testng.TestCaseHardAssert" name="tc12" time="4.83">
    <failure type="java.lang.AssertionError" message="expected [AFacebook – log in or sign up] but found [Facebook – log in or sign up]">
      <![CDATA[java.lang.AssertionError: expected [AFacebook – log in or sign up] but found [Facebook – log in or sign up]
at testng.TestCaseHardAssert.tc12(TestCaseHardAssert.java:37)
at java.base/java.util.ArrayList.forEach(ArrayList.java:1511)
... Removed 31 stack frames]]>
    </failure>
  </testcase> <!-- tc12 -->
  <testcase classname="testng.TestCase2" name="tc2" time="2.197"/>
  <testcase classname="testng.TestCase1" name="tc1" time="3.598"/>
  <testcase classname="testng.TestCase3" name="tc3" time="1.586"/>
</testsuite> <!-- Test -->
