<?xml version="1.0" encoding="UTF-8"?>
<!-- Generated by org.testng.reporters.JUnitReportReporter -->
<testsuite hostname="DESKTOP-THJQTHI" failures="0" tests="1" name="testng.TestCaseSoftTest" time="14.426" errors="0" timestamp="2022-07-25T19:18:22 IST" skipped="0">
  <testcase classname="testng.TestCaseSoftTest" name="tc1" time="14.426"/>
  <system-out>
    <![CDATA[Facebook – log in or sign up
https://www.facebook.com/login/?privacy_mutation_token=eyJ0eXBlIjowLCJjcmVhdGlvbl90aW1lIjoxNjU4NzU2ODQ2LCJjYWxsc2l0ZV9pZCI6MzgxMjI5MDc5NTc1OTQ2fQ%3D%3D]]>
  </system-out>
</testsuite> <!-- testng.TestCaseSoftTest -->
